Arguments: 
  C:\Program Files\nodejs\node.exe C:\Users\A218633\AppData\Roaming\npm\node_modules\yarn\bin\yarn.js install

PATH: 
  C:\Program Files\PowerShell\7;C:\Program Files\AdoptOpenJDK\jdk-11.0.9.101-hotspot\bin;C:\Program Files (x86)\Microsoft SDKs\Azure\CLI2\wbin;C:\Program Files (x86)\Common Files\Oracle\Java\javapath;C:\Program Files\Common Files\Microsoft Shared\Microsoft Online Services;C:\Program Files (x86)\Common Files\Microsoft Shared\Microsoft Online Services;C:\Program Files (x86)\RSA SecurID Token Common;C:\WINDOWS\system32;C:\WINDOWS;C:\WINDOWS\System32\Wbem;C:\WINDOWS\System32\WindowsPowerShell\v1.0\;C:\WINDOWS\System32\OpenSSH\;C:\Program Files (x86)\Verint\Logger\;C:\Program Files\Git\cmd;C:\Program Files\dotnet\;C:\Program Files\Microsoft SQL Server\130\Tools\Binn\;C:\Program Files (x86)\Microsoft SQL Server\150\DTS\Binn\;C:\Program Files (x86)\Webex\Plugins;C:\Program Files\PowerShell\7\;C:\Program Files (x86)\Sennheiser\SoftphoneSDK\;C:\VSCODE\Microsoft VS Code\bin;C:\Program Files\Microsoft SQL Server\Client SDK\ODBC\170\Tools\Binn\;C:\Program Files (x86)\Verint\Playback\;C:\Program Files\Microsoft SQL Server\Client SDK\ODBC\130\Tools\Binn\;C:\Program Files (x86)\Microsoft SQL Server\130\Tools\Binn\;C:\Program Files\Microsoft SQL Server\130\DTS\Binn\;C:\Program Files (x86)\dotnet\;C:\Program Files\nodejs\;C:\Program Files\MongoDB\Server\5.0\bin;C:\Users\A218633\AppData\Local\Programs\Python\Python38-32\Scripts\;C:\Users\A218633\AppData\Local\Programs\Python\Python38-32\;C:\Users\A218633\AppData\Local\Microsoft\WindowsApps;C:\Users\A218633\.dotnet\tools;C:\Users\A218633\AppData\Local\Microsoft\WindowsApps;C:\Users\A218633\.dotnet\tools;C:\Users\A218633\AppData\Roaming\npm;C:\Users\a218633\AppData\Local\Yarn\bin;C:\Users\a218633\AppData\Local\Android\sdk\platform-tools;C:\Program Files\MongoDB\Server\5.0\bin\mongo;C:\Program Files\MongoDB\Server\5.0\bin\mongod;C:\Program Files\MongoDB\Server\5.0\bin\mongos;

Yarn version: 
  1.22.15

Node version: 
  14.17.5

Platform: 
  win32 x64

Trace: 
  Error: https://registry.yarnpkg.com/rxjs/-/rxjs-6.6.7.tgz: ESOCKETTIMEDOUT
      at ClientRequest.<anonymous> (C:\Users\A218633\AppData\Roaming\npm\node_modules\yarn\lib\cli.js:141512:19)
      at Object.onceWrapper (events.js:519:28)
      at ClientRequest.emit (events.js:400:28)
      at TLSSocket.emitRequestTimeout (_http_client.js:790:9)
      at Object.onceWrapper (events.js:519:28)
      at TLSSocket.emit (events.js:412:35)
      at TLSSocket.Socket._onTimeout (net.js:484:8)
      at listOnTimeout (internal/timers.js:557:17)
      at processTimers (internal/timers.js:500:7)

npm manifest: 
  {
    "name": "nucampsite",
    "version": "0.1.0",
    "private": true,
    "dependencies": {
      "bootstrap": "4.5.2",
      "bootstrap-social": "5.1.1",
      "font-awesome": "4.7.0",
      "prop-types": "15.7.2",
      "react": "^16.13.1",
      "react-animation-components": "3.0.0",
      "react-dom": "^16.13.1",
      "react-popper": "1.3.6",
      "react-redux": "7.2.0",
      "react-redux-form": "1.16.14",
      "react-router-dom": "5.2.0",
      "react-scripts": "3.4.1",
      "reactstrap": "8.5.1",
      "redux": "4.0.5",
      "redux-logger": "3.0.6",
      "redux-thunk": "2.3.0",
      "typeface-lobster": "^0.0.72",
      "typeface-open-sans": "^0.0.75"
    },
    "scripts": {
      "start": "set PORT=3001 && react-scripts start",
      "build": "react-scripts build",
      "test": "react-scripts test",
      "eject": "react-scripts eject"
    },
    "eslintConfig": {
      "extends": "react-app"
    },
    "browserslist": {
      "production": [
        ">0.2%",
        "not dead",
        "not op_mini all"
      ],
      "development": [
        "last 1 chrome version",
        "last 1 firefox version",
        "last 1 safari version"
      ]
    }
  }

yarn manifest: 
  No manifest

Lockfile: 
  No lockfile
